<?xml version="1.0" encoding="UTF-8"?>
<!-- Generated by org.testng.reporters.JUnitXMLReporter -->
<testsuite ignored="0" hostname="Shubhams-MacBook-Air.local" failures="0" tests="4" name="Default test" time="13.407" errors="0" timestamp="2023-09-17T16:40:46 IST">
  <testcase classname="api.test.UserTests" name="testPostUser" time="4.339"/>
  <testcase classname="api.test.UserTests" name="testGetUserByName" time="2.274"/>
  <testcase classname="api.test.UserTests" name="testUpdateUserByName" time="4.009"/>
  <testcase classname="api.test.UserTests" name="testDeleteUserByName" time="1.761"/>
</testsuite> <!-- Default test -->
