<?xml version="1.0" encoding="UTF-8"?>
<!-- Generated by org.testng.reporters.JUnitXMLReporter -->
<testsuite ignored="0" hostname="Shubhams-MacBook-Air.local" failures="0" tests="4" name="PetTests" time="13.501" errors="0" timestamp="2023-09-20T20:54:13 IST">
  <testcase classname="api.test.UserTests2" name="testPostUser" time="5.451"/>
  <testcase classname="api.test.UserTests2" name="testGetUserByName" time="1.817"/>
  <testcase classname="api.test.UserTests2" name="testUpdateUserByName" time="3.406"/>
  <testcase classname="api.test.UserTests2" name="testDeleteUserByName" time="1.637"/>
</testsuite> <!-- PetTests -->
