<?xml version="1.0" encoding="UTF-8"?>
<!-- Generated by org.testng.reporters.JUnitXMLReporter -->
<testsuite ignored="0" hostname="Shubhams-MacBook-Air.local" failures="0" tests="4" name="PetTests" time="10.89" errors="0" timestamp="2023-09-17T20:33:38 IST">
  <testcase classname="api.test.UserTests2" name="testPostUser" time="3.821"/>
  <testcase classname="api.test.UserTests2" name="testGetUserByName" time="1.544"/>
  <testcase classname="api.test.UserTests2" name="testUpdateUserByName" time="2.709"/>
  <testcase classname="api.test.UserTests2" name="testDeleteUserByName" time="1.338"/>
</testsuite> <!-- PetTests -->
